Arguments: 
  /Users/volandkb/.nvm/versions/node/v16.18.1/bin/node /Users/volandkb/.nvm/versions/node/v16.18.1/bin/yarn install

PATH: 
  /Users/volandkb/.nvm/versions/node/v16.18.1/bin:/opt/homebrew/bin:/opt/homebrew/sbin:/usr/local/bin:/System/Cryptexes/App/usr/bin:/usr/bin:/bin:/usr/sbin:/sbin:/Library/Apple/usr/bin

Yarn version: 
  1.22.19

Node version: 
  16.18.1

Platform: 
  darwin arm64

Trace: 
  Error: https://registry.yarnpkg.com/icon%2fionicons: Request "https://registry.yarnpkg.com/icon%2fionicons" returned a 405
      at Request.params.callback [as _callback] (/Users/volandkb/.nvm/versions/node/v16.18.1/lib/node_modules/yarn/lib/cli.js:66154:18)
      at Request.self.callback (/Users/volandkb/.nvm/versions/node/v16.18.1/lib/node_modules/yarn/lib/cli.js:140890:22)
      at Request.emit (node:events:513:28)
      at Request.<anonymous> (/Users/volandkb/.nvm/versions/node/v16.18.1/lib/node_modules/yarn/lib/cli.js:141862:10)
      at Request.emit (node:events:513:28)
      at IncomingMessage.<anonymous> (/Users/volandkb/.nvm/versions/node/v16.18.1/lib/node_modules/yarn/lib/cli.js:141784:12)
      at Object.onceWrapper (node:events:627:28)
      at IncomingMessage.emit (node:events:525:35)
      at endReadableNT (node:internal/streams/readable:1358:12)
      at processTicksAndRejections (node:internal/process/task_queues:83:21)

npm manifest: 
  {
    "name": "lovelace-card-boilerplate",
    "version": "0.1.0",
    "description": "Lovelace card boilerplate",
    "main": "dist/my-custom-card.js",
    "scripts": {
      "build": "rollup -c",
      "release": "rollup --environment release -c",
      "test": "jest",
      "test+debug": "SET DEBUG_MODE=1&&jest",
      "watch": "rollup -c --watch"
    },
    "repository": {
      "type": "git",
      "url": "https://github.com/maxwroc/lovelace-card-boilerplate.git"
    },
    "keywords": [
      "lovelace",
      "card",
      "boilerplate",
      "home",
      "assistant"
    ],
    "author": "Max Chodorowski",
    "license": "MIT",
    "bugs": {
      "url": "https://github.com/maxwroc/lovelace-card-boilerplate/issues"
    },
    "homepage": "https://github.com/maxwroc/lovelace-card-boilerplate#readme",
    "jest": {
      "preset": "ts-jest",
      "runner": "jest-electron/runner",
      "testEnvironment": "jest-electron/environment",
      "testMatch": [
        "**/test/**/*.test.ts"
      ],
      "verbose": false,
      "setupFilesAfterEnv": [
        "<rootDir>/dist/my-custom-card.js"
      ],
      "globals": {
        "ts-jest": {
          "isolatedModules": true
        }
      }
    },
    "devDependencies": {
      "@rollup/plugin-node-resolve": "^9.0.0",
      "@rollup/plugin-typescript": "^6.0.0",
      "@types/jest": "^27.0.3",
      "jest": "^24.9.0",
      "jest-electron": "^0.1.12",
      "rollup": "^2.29.0",
      "rollup-plugin-import-css": "^3.0.2",
      "rollup-plugin-minify-html-literals": "^1.2.6",
      "rollup-plugin-terser": "^7.0.2",
      "rollup-plugin-version-injector": "^1.3.3",
      "ts-jest": "^24.3.0",
      "tslib": "^2.0.2",
      "typescript": "^4.0.3",
      "icon/ionicons": "^5.4.0"
    },
    "dependencies": {
      "lit": "^2.0.2"
    }
  }

yarn manifest: 
  No manifest

Lockfile: 
  No lockfile
